For ft_split, in /Users/mexu/francinette/tests/libft/fsoares/test_split.c:

Error in test 1: ft_split("hello!", 32:' '):
malloc protection check for 2th malloc:
     in _add_malloc malloc_mock.c:29:8
     in malloc malloc_mock.c:75:10
  -> in duplicate_word ft_split.c:48:7
     in mapping_word ft_split.c:86:3
     in ft_split ft_split.c:100:2
     in test_single_split test_split.c:72:2
     in test_split test_split.c:79:6
     in main test_split.c:101:2
: Should return NULL
Error in test 2: ft_split("xxxxxxxxhello!", 120:'x'):
malloc protection check for 2th malloc:
     in _add_malloc malloc_mock.c:29:8
     in malloc malloc_mock.c:75:10
  -> in duplicate_word ft_split.c:48:7
     in mapping_word ft_split.c:86:3
     in ft_split ft_split.c:100:2
     in test_single_split test_split.c:72:2
     in test_split test_split.c:81:8
     in main test_split.c:101:2
: Should return NULL
Error in test 3: ft_split("hello!zzzzzzzz", 122:'z'):
malloc protection check for 2th malloc:
     in _add_malloc malloc_mock.c:29:8
     in malloc malloc_mock.c:75:10
  -> in duplicate_word ft_split.c:48:7
     in mapping_word ft_split.c:75:5
     in ft_split ft_split.c:100:2
     in test_single_split test_split.c:72:2
     in test_split test_split.c:82:8
     in main test_split.c:101:2
: Should return NULL
Error in test 4: ft_split("\t\t\t\thello!\t\t\t\t", 9:'\t'):
malloc protection check for 2th malloc:
     in _add_malloc malloc_mock.c:29:8
     in malloc malloc_mock.c:75:10
  -> in duplicate_word ft_split.c:48:7
     in mapping_word ft_split.c:75:5
     in ft_split ft_split.c:100:2
     in test_single_split test_split.c:72:2
     in test_split test_split.c:83:8
     in main test_split.c:101:2
: Should return NULL
Error in test 7: ft_split("^^^1^^2a,^^^^3^^^^--h^^^^", 94:'^'):
malloc protection check for 2th malloc:
     in _add_malloc malloc_mock.c:29:8
     in malloc malloc_mock.c:75:10
  -> in duplicate_word ft_split.c:48:7
     in mapping_word ft_split.c:75:5
     in ft_split ft_split.c:100:2
     in test_single_split test_split.c:72:2
     in test_split test_split.c:90:8
     in main test_split.c:101:2
: 
Memory leak: 0x602000000690 - 4 bytes
You failed to free the memory allocated at:
     in _add_malloc malloc_mock.c:29:8
     in malloc malloc_mock.c:75:10
  -> in duplicate_word ft_split.c:48:7
     in mapping_word ft_split.c:75:5
     in ft_split ft_split.c:100:2
     in test_single_split test_split.c:72:2
     in test_split test_split.c:90:8
     in main test_split.c:101:2

Memory leak: 0x6020000006b0 - 2 bytes
You failed to free the memory allocated at:
     in _add_malloc malloc_mock.c:29:8
     in malloc malloc_mock.c:75:10
  -> in duplicate_word ft_split.c:48:7
     in mapping_word ft_split.c:75:5
     in ft_split ft_split.c:100:2
     in test_single_split test_split.c:72:2
     in test_split test_split.c:90:8
     in main test_split.c:101:2
8   libdyld.dylib                       0x00007fff67fedcc9 start + 1

Memory leak: 0x6020000006d0 - 4 bytes
You failed to free the memory allocated at:
0   test_split.out                      0x0000000106eb2005 _add_malloc + 757
1   test_split.out                      0x0000000106eb1d03 malloc + 307
2   test_split.out                      0x0000000106eb7973 duplicate_word + 51
3   test_split.out                      0x0000000106eb7bed mapping_word + 253
4   test_split.out                      0x0000000106eb7d59 ft_split + 105
5   test_split.out                      0x0000000106eb175e test_single_split + 1038
6   test_split.out                      0x0000000106eb19b0 test_split + 464
7   test_split.out                      0x0000000106eb1ade main + 158
8   libdyld.dylib                       0x00007fff67fedcc9 start + 1

Error in test 7: ft_split("^^^1^^2a,^^^^3^^^^--h^^^^", 94:'^'):
malloc protection check for 2th malloc:
0   test_split.out                      0x0000000106eb2005 _add_malloc + 757
1   test_split.out                      0x0000000106eb1d03 malloc + 307
2   test_split.out                      0x0000000106eb7973 duplicate_word + 51
3   test_split.out                      0x0000000106eb7bed mapping_word + 253
4   test_split.out                      0x0000000106eb7d59 ft_split + 105
5   test_split.out                      0x0000000106eb15a9 test_single_split + 601
6   test_split.out                      0x0000000106eb19b0 test_split + 464
7   test_split.out                      0x0000000106eb1ade main + 158
8   libdyld.dylib                       0x00007fff67fedcc9 start + 1
: Should return NULL
Error in test 7: ft_split("^^^1^^2a,^^^^3^^^^--h^^^^", 94:'^'):
malloc protection check for 3th malloc:
0   test_split.out                      0x0000000106eb2005 _add_malloc + 757
1   test_split.out                      0x0000000106eb1d03 malloc + 307
2   test_split.out                      0x0000000106eb7973 duplicate_word + 51
3   test_split.out                      0x0000000106eb7bed mapping_word + 253
4   test_split.out                      0x0000000106eb7d59 ft_split + 105
5   test_split.out                      0x0000000106eb15a9 test_single_split + 601
6   test_split.out                      0x0000000106eb19b0 test_split + 464
7   test_split.out                      0x0000000106eb1ade main + 158
8   libdyld.dylib                       0x00007fff67fedcc9 start + 1
: 
Memory leak: 0x6020000006f0 - 2 bytes
You failed to free the memory allocated at:
0   test_split.out                      0x0000000106eb2005 _add_malloc + 757
1   test_split.out                      0x0000000106eb1d03 malloc + 307
2   test_split.out                      0x0000000106eb7973 duplicate_word + 51
3   test_split.out                      0x0000000106eb7bed mapping_word + 253
4   test_split.out                      0x0000000106eb7d59 ft_split + 105
5   test_split.out                      0x0000000106eb175e test_single_split + 1038
6   test_split.out                      0x0000000106eb19b0 test_split + 464
7   test_split.out                      0x0000000106eb1ade main + 158
8   libdyld.dylib                       0x00007fff67fedcc9 start + 1

Memory leak: 0x602000000730 - 2 bytes
You failed to free the memory allocated at:
0   test_split.out                      0x0000000106eb2005 _add_malloc + 757
1   test_split.out                      0x0000000106eb1d03 malloc + 307
2   test_split.out                      0x0000000106eb7973 duplicate_word + 51
3   test_split.out                      0x0000000106eb7bed mapping_word + 253
4   test_split.out                      0x0000000106eb7d59 ft_split + 105
5   test_split.out                      0x0000000106eb175e test_single_split + 1038
6   test_split.out                      0x0000000106eb19b0 test_split + 464
7   test_split.out                      0x0000000106eb1ade main + 158
8   libdyld.dylib                       0x00007fff67fedcc9 start + 1

Memory leak: 0x602000000750 - 4 bytes
You failed to free the memory allocated at:
0   test_split.out                      0x0000000106eb2005 _add_malloc + 757
1   test_split.out                      0x0000000106eb1d03 malloc + 307
2   test_split.out                      0x0000000106eb7973 duplicate_word + 51
3   test_split.out                      0x0000000106eb7bed mapping_word + 253
4   test_split.out                      0x0000000106eb7d59 ft_split + 105
5   test_split.out                      0x0000000106eb175e test_single_split + 1038
6   test_split.out                      0x0000000106eb19b0 test_split + 464
7   test_split.out                      0x0000000106eb1ade main + 158
8   libdyld.dylib                       0x00007fff67fedcc9 start + 1

Error in test 7: ft_split("^^^1^^2a,^^^^3^^^^--h^^^^", 94:'^'):
malloc protection check for 3th malloc:
0   test_split.out                      0x0000000106eb2005 _add_malloc + 757
1   test_split.out                      0x0000000106eb1d03 malloc + 307
2   test_split.out                      0x0000000106eb7973 duplicate_word + 51
3   test_split.out                      0x0000000106eb7bed mapping_word + 253
4   test_split.out                      0x0000000106eb7d59 ft_split + 105
5   test_split.out                      0x0000000106eb15a9 test_single_split + 601
6   test_split.out                      0x0000000106eb19b0 test_split + 464
7   test_split.out                      0x0000000106eb1ade main + 158
8   libdyld.dylib                       0x00007fff67fedcc9 start + 1
: Should return NULL
Error in test 7: ft_split("^^^1^^2a,^^^^3^^^^--h^^^^", 94:'^'):
malloc protection check for 4th malloc:
0   test_split.out                      0x0000000106eb2005 _add_malloc + 757
1   test_split.out                      0x0000000106eb1d03 malloc + 307
2   test_split.out                      0x0000000106eb7973 duplicate_word + 51
3   test_split.out                      0x0000000106eb7bed mapping_word + 253
4   test_split.out                      0x0000000106eb7d59 ft_split + 105
5   test_split.out                      0x0000000106eb15a9 test_single_split + 601
6   test_split.out                      0x0000000106eb19b0 test_split + 464
7   test_split.out                      0x0000000106eb1ade main + 158
8   libdyld.dylib                       0x00007fff67fedcc9 start + 1
: 
Memory leak: 0x602000000770 - 2 bytes
You failed to free the memory allocated at:
0   test_split.out                      0x0000000106eb2005 _add_malloc + 757
1   test_split.out                      0x0000000106eb1d03 malloc + 307
2   test_split.out                      0x0000000106eb7973 duplicate_word + 51
3   test_split.out                      0x0000000106eb7bed mapping_word + 253
4   test_split.out                      0x0000000106eb7d59 ft_split + 105
5   test_split.out                      0x0000000106eb175e test_single_split + 1038
6   test_split.out                      0x0000000106eb19b0 test_split + 464
7   test_split.out                      0x0000000106eb1ade main + 158
8   libdyld.dylib                       0x00007fff67fedcc9 start + 1

Memory leak: 0x602000000790 - 4 bytes
You failed to free the memory allocated at:
0   test_split.out                      0x0000000106eb2005 _add_malloc + 757
1   test_split.out                      0x0000000106eb1d03 malloc + 307
2   test_split.out                      0x0000000106eb7973 duplicate_word + 51
3   test_split.out                      0x0000000106eb7bed mapping_word + 253
4   test_split.out                      0x0000000106eb7d59 ft_split + 105
5   test_split.out                      0x0000000106eb175e test_single_split + 1038
6   test_split.out                      0x0000000106eb19b0 test_split + 464
7   test_split.out                      0x0000000106eb1ade main + 158
8   libdyld.dylib                       0x00007fff67fedcc9 start + 1

Memory leak: 0x6020000007d0 - 4 bytes
You failed to free the memory allocated at:
0   test_split.out                      0x0000000106eb2005 _add_malloc + 757
1   test_split.out                      0x0000000106eb1d03 malloc + 307
2   test_split.out                      0x0000000106eb7973 duplicate_word + 51
3   test_split.out                      0x0000000106eb7bed mapping_word + 253
4   test_split.out                      0x0000000106eb7d59 ft_split + 105
5   test_split.out                      0x0000000106eb175e test_single_split + 1038
6   test_split.out                      0x0000000106eb19b0 test_split + 464
7   test_split.out                      0x0000000106eb1ade main + 158
8   libdyld.dylib                       0x00007fff67fedcc9 start + 1

Error in test 7: ft_split("^^^1^^2a,^^^^3^^^^--h^^^^", 94:'^'):
malloc protection check for 4th malloc:
0   test_split.out                      0x0000000106eb2005 _add_malloc + 757
1   test_split.out                      0x0000000106eb1d03 malloc + 307
2   test_split.out                      0x0000000106eb7973 duplicate_word + 51
3   test_split.out                      0x0000000106eb7bed mapping_word + 253
4   test_split.out                      0x0000000106eb7d59 ft_split + 105
5   test_split.out                      0x0000000106eb15a9 test_single_split + 601
6   test_split.out                      0x0000000106eb19b0 test_split + 464
7   test_split.out                      0x0000000106eb1ade main + 158
8   libdyld.dylib                       0x00007fff67fedcc9 start + 1
: Should return NULL
Error in test 7: ft_split("^^^1^^2a,^^^^3^^^^--h^^^^", 94:'^'):
malloc protection check for 5th malloc:
0   test_split.out                      0x0000000106eb2005 _add_malloc + 757
1   test_split.out                      0x0000000106eb1d03 malloc + 307
2   test_split.out                      0x0000000106eb7973 duplicate_word + 51
3   test_split.out                      0x0000000106eb7bed mapping_word + 253
4   test_split.out                      0x0000000106eb7d59 ft_split + 105
5   test_split.out                      0x0000000106eb15a9 test_single_split + 601
6   test_split.out                      0x0000000106eb19b0 test_split + 464
7   test_split.out                      0x0000000106eb1ade main + 158
8   libdyld.dylib                       0x00007fff67fedcc9 start + 1
: 
Memory leak: 0x6020000007f0 - 2 bytes
You failed to free the memory allocated at:
0   test_split.out                      0x0000000106eb2005 _add_malloc + 757
1   test_split.out                      0x0000000106eb1d03 malloc + 307
2   test_split.out                      0x0000000106eb7973 duplicate_word + 51
3   test_split.out                      0x0000000106eb7bed mapping_word + 253
4   test_split.out                      0x0000000106eb7d59 ft_split + 105
5   test_split.out                      0x0000000106eb175e test_single_split + 1038
6   test_split.out                      0x0000000106eb19b0 test_split + 464
7   test_split.out                      0x0000000106eb1ade main + 158
8   libdyld.dylib                       0x00007fff67fedcc9 start + 1

Memory leak: 0x602000000810 - 4 bytes
You failed to free the memory allocated at:
0   test_split.out                      0x0000000106eb2005 _add_malloc + 757
1   test_split.out                      0x0000000106eb1d03 malloc + 307
2   test_split.out                      0x0000000106eb7973 duplicate_word + 51
3   test_split.out                      0x0000000106eb7bed mapping_word + 253
4   test_split.out                      0x0000000106eb7d59 ft_split + 105
5   test_split.out                      0x0000000106eb175e test_single_split + 1038
6   test_split.out                      0x0000000106eb19b0 test_split + 464
7   test_split.out                      0x0000000106eb1ade main + 158
8   libdyld.dylib                       0x00007fff67fedcc9 start + 1

Memory leak: 0x602000000830 - 2 bytes
You failed to free the memory allocated at:
0   test_split.out                      0x0000000106eb2005 _add_malloc + 757
1   test_split.out                      0x0000000106eb1d03 malloc + 307
2   test_split.out                      0x0000000106eb7973 duplicate_word + 51
3   test_split.out                      0x0000000106eb7bed mapping_word + 253
4   test_split.out                      0x0000000106eb7d59 ft_split + 105
5   test_split.out                      0x0000000106eb175e test_single_split + 1038
6   test_split.out                      0x0000000106eb19b0 test_split + 464
7   test_split.out                      0x0000000106eb1ade main + 158
8   libdyld.dylib                       0x00007fff67fedcc9 start + 1

Error in test 7: ft_split("^^^1^^2a,^^^^3^^^^--h^^^^", 94:'^'):
malloc protection check for 5th malloc:
0   test_split.out                      0x0000000106eb2005 _add_malloc + 757
1   test_split.out                      0x0000000106eb1d03 malloc + 307
2   test_split.out                      0x0000000106eb7973 duplicate_word + 51
3   test_split.out                      0x0000000106eb7bed mapping_word + 253
4   test_split.out                      0x0000000106eb7d59 ft_split + 105
5   test_split.out                      0x0000000106eb15a9 test_single_split + 601
6   test_split.out                      0x0000000106eb19b0 test_split + 464
7   test_split.out                      0x0000000106eb1ade main + 158
8   libdyld.dylib                       0x00007fff67fedcc9 start + 1
: Should return NULL
Error in test 8: ft_split("nonempty", 0:'\0'):
malloc protection check for 2th malloc:
0   test_split.out                      0x0000000106eb2005 _add_malloc + 757
1   test_split.out                      0x0000000106eb1d03 malloc + 307
2   test_split.out                      0x0000000106eb7973 duplicate_word + 51
3   test_split.out                      0x0000000106eb7c98 mapping_word + 424
4   test_split.out                      0x0000000106eb7d59 ft_split + 105
5   test_split.out                      0x0000000106eb15a9 test_single_split + 601
6   test_split.out                      0x0000000106eb1a05 test_split + 549
7   test_split.out                      0x0000000106eb1ade main + 158
8   libdyld.dylib                       0x00007fff67fedcc9 start + 1
: Should return NULL

##==##==##&&##==##==##test_lstmap.out
For ft_lstmap, in /Users/mexu/francinette/tests/libft/fsoares/test_lstmap.c:

Error in test 2: ft_lstmap(<list: {node: "hello!"}->(null)>, [s => __strlen(s)], [x => free(x)]) NULL check for 1th malloc: 
Memory leak: 0x603000001780 - 30 bytes
You failed to free the memory allocated at:
0   test_lstmap.out                     0x00000001023e3df5 _add_malloc + 757
1   test_lstmap.out                     0x00000001023e3af3 malloc + 307
2   test_lstmap.out                     0x00000001023e3026 map_length + 22
3   test_lstmap.out                     0x00000001023e9a98 ft_lstmap + 408
4   test_lstmap.out                     0x00000001023e351f test_single_lstmap + 911
5   test_lstmap.out                     0x00000001023e37ad test_lstmap + 109
6   test_lstmap.out                     0x00000001023e38ce main + 158
7   libdyld.dylib                       0x00007fff67fedcc9 start + 1
8   ???                                 0x0000000000000001 0x0 + 1
Most likely you are not calling del on the content when a new list node allocation fails.

Error in test 3: ft_lstmap(<list: {node: "one"}->{node: "two"}->{node: "three"}->{node: "four"}->{node: "five"}->(null)>, [s => __strlen(s)], [x => free(x)]) NULL check for 1th malloc: 
Memory leak: 0x603000001a80 - 30 bytes
You failed to free the memory allocated at:
0   test_lstmap.out                     0x00000001023e3df5 _add_malloc + 757
1   test_lstmap.out                     0x00000001023e3af3 malloc + 307
2   test_lstmap.out                     0x00000001023e3026 map_length + 22
3   test_lstmap.out                     0x00000001023e9a98 ft_lstmap + 408
4   test_lstmap.out                     0x00000001023e351f test_single_lstmap + 911
5   test_lstmap.out                     0x00000001023e3823 test_lstmap + 227
6   test_lstmap.out                     0x00000001023e38ce main + 158
7   libdyld.dylib                       0x00007fff67fedcc9 start + 1
8   ???                                 0x0000000000000001 0x0 + 1
Most likely you are not calling del on the content when a new list node allocation fails.

Error in test 3: ft_lstmap(<list: {node: "one"}->{node: "two"}->{node: "three"}->{node: "four"}->{node: "five"}->(null)>, [s => __strlen(s)], [x => free(x)]) NULL check for 3th malloc: 
Memory leak: 0x603000001bd0 - 30 bytes
You failed to free the memory allocated at:
0   test_lstmap.out                     0x00000001023e3df5 _add_malloc + 757
1   test_lstmap.out                     0x00000001023e3af3 malloc + 307
2   test_lstmap.out                     0x00000001023e3026 map_length + 22
3   test_lstmap.out                     0x00000001023e9bcb ft_lstmap + 715
4   test_lstmap.out                     0x00000001023e351f test_single_lstmap + 911
5   test_lstmap.out                     0x00000001023e3823 test_lstmap + 227
6   test_lstmap.out                     0x00000001023e38ce main + 158
7   libdyld.dylib                       0x00007fff67fedcc9 start + 1
8   ???                                 0x0000000000000001 0x0 + 1
Most likely you are not calling del on the content when a new list node allocation fails.

Error in test 3: ft_lstmap(<list: {node: "one"}->{node: "two"}->{node: "three"}->{node: "four"}->{node: "five"}->(null)>, [s => __strlen(s)], [x => free(x)]) NULL check for 5th malloc: 
Memory leak: 0x603000001d50 - 30 bytes
You failed to free the memory allocated at:
0   test_lstmap.out                     0x00000001023e3df5 _add_malloc + 757
1   test_lstmap.out                     0x00000001023e3af3 malloc + 307
2   test_lstmap.out                     0x00000001023e3026 map_length + 22
3   test_lstmap.out                     0x00000001023e9bcb ft_lstmap + 715
4   test_lstmap.out                     0x00000001023e351f test_single_lstmap + 911
5   test_lstmap.out                     0x00000001023e3823 test_lstmap + 227
6   test_lstmap.out                     0x00000001023e38ce main + 158
7   libdyld.dylib                       0x00007fff67fedcc9 start + 1
8   ???                                 0x0000000000000001 0x0 + 1
Most likely you are not calling del on the content when a new list node allocation fails.

Error in test 3: ft_lstmap(<list: {node: "one"}->{node: "two"}->{node: "three"}->{node: "four"}->{node: "five"}->(null)>, [s => __strlen(s)], [x => free(x)]) NULL check for 7th malloc: 
Memory leak: 0x603000001f00 - 30 bytes
You failed to free the memory allocated at:
0   test_lstmap.out                     0x00000001023e3df5 _add_malloc + 757
1   test_lstmap.out                     0x00000001023e3af3 malloc + 307
2   test_lstmap.out                     0x00000001023e3026 map_length + 22
3   test_lstmap.out                     0x00000001023e9bcb ft_lstmap + 715
4   test_lstmap.out                     0x00000001023e351f test_single_lstmap + 911
5   test_lstmap.out                     0x00000001023e3823 test_lstmap + 227
6   test_lstmap.out                     0x00000001023e38ce main + 158
7   libdyld.dylib                       0x00007fff67fedcc9 start + 1
8   ???                                 0x0000000000000001 0x0 + 1
Most likely you are not calling del on the content when a new list node allocation fails.

Error in test 3: ft_lstmap(<list: {node: "one"}->{node: "two"}->{node: "three"}->{node: "four"}->{node: "five"}->(null)>, [s => __strlen(s)], [x => free(x)]) NULL check for 9th malloc: 
Memory leak: 0x6030000020e0 - 30 bytes
You failed to free the memory allocated at:
0   test_lstmap.out                     0x00000001023e3df5 _add_malloc + 757
1   test_lstmap.out                     0x00000001023e3af3 malloc + 307
2   test_lstmap.out                     0x00000001023e3026 map_length + 22
3   test_lstmap.out                     0x00000001023e9bcb ft_lstmap + 715
4   test_lstmap.out                     0x00000001023e351f test_single_lstmap + 911
5   test_lstmap.out                     0x00000001023e3823 test_lstmap + 227
6   test_lstmap.out                     0x00000001023e38ce main + 158
7   libdyld.dylib                       0x00007fff67fedcc9 start + 1
8   ???                                 0x0000000000000001 0x0 + 1
Most likely you are not calling del on the content when a new list node allocation fails.


